生成启动时间为 2014/12/18 16:56:36。
     1>项目“C:\Users\wujiechu\documents\visual studio 2010\Projects\sudoku2\sudoku2\sudoku2.vcxproj”在节点 2 上(build 个目标)。
     1>InitializeBuildStatus:
         正在创建“x64\Debug\sudoku2.unsuccessfulbuild”，因为已指定“AlwaysCreate”。
       ClCompile:
         d:\Microsoft Visual Studio2010\VC\bin\x86_amd64\CL.exe /c /Zi /nologo /W3 /WX- /Od /D WIN32 /D _DEBUG /D _CONSOLE /D _UNICODE /D UNICODE /Gm /EHsc /RTC1 /MDd /GS /fp:precise /Zc:wchar_t /Zc:forScope /Fo"x64\Debug\\" /Fd"x64\Debug\vc100.pdb" /Gd /TP /errorReport:prompt DBO.cpp
         DBO.cpp
       ManifestResourceCompile:
         所有输出均为最新。
       Link:
         d:\Microsoft Visual Studio2010\VC\bin\x86_amd64\link.exe /ERRORREPORT:PROMPT /OUT:"C:\Users\wujiechu\documents\visual studio 2010\Projects\sudoku2\x64\Debug\sudoku2.exe" /INCREMENTAL /NOLOGO libmysql.lib kernel32.lib user32.lib gdi32.lib winspool.lib comdlg32.lib advapi32.lib shell32.lib ole32.lib oleaut32.lib uuid.lib odbc32.lib odbccp32.lib /MANIFEST /ManifestFile:"x64\Debug\sudoku2.exe.intermediate.manifest" /MANIFESTUAC:"level='asInvoker' uiAccess='false'" /DEBUG /PDB:"C:\Users\wujiechu\documents\visual studio 2010\Projects\sudoku2\x64\Debug\sudoku2.pdb" /SUBSYSTEM:CONSOLE /TLBID:1 /DYNAMICBASE /NXCOMPAT /IMPLIB:"C:\Users\wujiechu\documents\visual studio 2010\Projects\sudoku2\x64\Debug\sudoku2.lib" /MACHINE:X64 x64\Debug\sudoku2.exe.embed.manifest.res
         x64\Debug\DBO.obj
         x64\Debug\main.obj
         x64\Debug\PacketWrapper.obj
         x64\Debug\Service.obj
         x64\Debug\soapC.obj
         x64\Debug\soapClient.obj
         x64\Debug\stdsoap2.obj
         x64\Debug\UserAction.obj
         libmysql.lib
         sudoku2.vcxproj -> C:\Users\wujiechu\documents\visual studio 2010\Projects\sudoku2\x64\Debug\sudoku2.exe
       Manifest:
         C:\Program Files (x86)\Microsoft SDKs\Windows\v7.0A\bin\mt.exe /nologo /verbose /out:"x64\Debug\sudoku2.exe.embed.manifest" /manifest x64\Debug\sudoku2.exe.intermediate.manifest
         所有输出均为最新。
       LinkEmbedManifest:
         所有输出均为最新。
         sudoku2.vcxproj -> C:\Users\wujiechu\documents\visual studio 2010\Projects\sudoku2\x64\Debug\sudoku2.exe
       FinalizeBuildStatus:
         正在删除文件“x64\Debug\sudoku2.unsuccessfulbuild”。
         正在对“x64\Debug\sudoku2.lastbuildstate”执行 Touch 任务。
     1>已完成生成项目“C:\Users\wujiechu\documents\visual studio 2010\Projects\sudoku2\sudoku2\sudoku2.vcxproj”(build 个目标)的操作。

生成成功。

已用时间 00:00:01.75
