生成启动时间为 2016/1/4 11:10:47。
     1>项目“F:\VS_mycodes\youxi 备份\youxi\youxi.vcxproj”在节点 2 上(build 个目标)。
     1>InitializeBuildStatus:
         正在对“Debug\youxi.unsuccessfulbuild”执行 Touch 任务。
       GenerateTargetFrameworkMonikerAttribute:
       正在跳过目标“GenerateTargetFrameworkMonikerAttribute”，因为所有输出文件相对于输入文件而言都是最新的。
       ClCompile:
         所有输出均为最新。
         D:\VS2010\VC\bin\CL.exe /c /AI"C:\Program Files (x86)\Reference Assemblies\Microsoft\Framework\.NETFramework\v4.0" /Zi /clr:pure /nologo /W3 /WX- /Od /Oy- /D WIN32 /D _DEBUG /D _UNICODE /D UNICODE /EHa /MDd /GS /fp:precise /Zc:wchar_t /Zc:forScope /Yu"StdAfx.h" /Fp"Debug\youxi.pch" /Fo"Debug\\" /Fd"Debug\vc100.pdb" /TP /FU"C:\Program Files (x86)\Reference Assemblies\Microsoft\Framework\.NETFramework\v4.0\System.Core.dll" /FU"C:\Program Files (x86)\Reference Assemblies\Microsoft\Framework\.NETFramework\v4.0\System.Data.dll" /FU"C:\Program Files (x86)\Reference Assemblies\Microsoft\Framework\.NETFramework\v4.0\System.dll" /FU"C:\Program Files (x86)\Reference Assemblies\Microsoft\Framework\.NETFramework\v4.0\System.Drawing.dll" /FU"C:\Program Files (x86)\Reference Assemblies\Microsoft\Framework\.NETFramework\v4.0\System.Windows.Forms.dll" /FU"C:\Program Files (x86)\Reference Assemblies\Microsoft\Framework\.NETFramework\v4.0\System.Xml.dll" /analyze- /errorReport:prompt first.cpp youxi.cpp /clr:nostdlib 
         first.cpp
     1>f:\vs_mycodes\youxi 备份\youxi\third.h(153): warning C4101: “b”: 未引用的局部变量
         youxi.cpp
     1>f:\vs_mycodes\youxi 备份\youxi\third.h(153): warning C4101: “b”: 未引用的局部变量
         正在生成代码...
         所有输出均为最新。
       CoreResGen:
         没有相对于源文件而言已过期的资源。正在跳过资源生成操作。
       ResourceCompile:
         所有输出均为最新。
       Link:
         D:\VS2010\VC\bin\link.exe /ERRORREPORT:PROMPT /OUT:"F:\VS_mycodes\youxi 备份\Debug\youxi.exe" /INCREMENTAL /NOLOGO /ASSEMBLYRESOURCE:Debug\youxi.fifth.resources /ASSEMBLYRESOURCE:Debug\youxi.first.resources /ASSEMBLYRESOURCE:Debug\youxi.Form1.resources /ASSEMBLYRESOURCE:Debug\youxi.forth.resources /ASSEMBLYRESOURCE:Debug\youxi.name.resources /ASSEMBLYRESOURCE:Debug\youxi.ranking.resources /ASSEMBLYRESOURCE:Debug\youxi.record.resources /ASSEMBLYRESOURCE:Debug\youxi.second.resources /ASSEMBLYRESOURCE:Debug\youxi.third.resources /MANIFEST /ManifestFile:"Debug\youxi.exe.intermediate.manifest" /MANIFESTUAC:"level='asInvoker' uiAccess='false'" /DEBUG /PDB:"F:\VS_mycodes\youxi 备份\Debug\youxi.pdb" /ASSEMBLYDEBUG /SUBSYSTEM:WINDOWS /TLBID:1 /ENTRY:"main" /DYNAMICBASE /FIXED:NO /NXCOMPAT /MACHINE:X86 Debug\app.res
         Debug\addScore.obj
         Debug\AssemblyInfo.obj
         Debug\fifth.obj
         Debug\first.obj
         Debug\forth.obj
         Debug\name.obj
         Debug\ranking.obj
         Debug\record.obj
         Debug\second.obj
         Debug\stdafx.obj
         Debug\third.obj
         Debug\youxi.obj
         "Debug\.NETFramework,Version=v4.0.AssemblyAttributes.obj"
         youxi.vcxproj -> F:\VS_mycodes\youxi 备份\Debug\youxi.exe
       Manifest:
         C:\Program Files (x86)\Microsoft SDKs\Windows\v7.0A\bin\mt.exe /nologo /verbose /outputresource:"F:\VS_mycodes\youxi 备份\Debug\youxi.exe;#1" /manifest Debug\youxi.exe.intermediate.manifest
       FinalizeBuildStatus:
         正在删除文件“Debug\youxi.unsuccessfulbuild”。
         正在对“Debug\youxi.lastbuildstate”执行 Touch 任务。
     1>已完成生成项目“F:\VS_mycodes\youxi 备份\youxi\youxi.vcxproj”(build 个目标)的操作。

生成成功。

已用时间 00:00:01.53
